<?xml version="1.0" encoding="UTF-8"?>
<testsuite name="com.bridgelab.testhotelreservationsystem.HotelReservationSystemTestCases" tests="1" skipped="0" failures="0" errors="0" timestamp="2021-07-19T19:29:27" hostname="NARUTO" time="0.013">
  <properties/>
  <testcase name="givenHotelDetail_whenProper_shouldReturnTrue()" classname="com.bridgelab.testhotelreservationsystem.HotelReservationSystemTestCases" time="0.013"/>
  <system-out><![CDATA[]]></system-out>
  <system-err><![CDATA[]]></system-err>
</testsuite>
