<?xml version="1.0" encoding="UTF-8"?>
<testsuite name="com.bridgelab.testhotelreservationsystem.HotelReservationSystemTestCases" tests="1" skipped="0" failures="0" errors="0" timestamp="2021-07-22T18:48:43" hostname="NARUTO" time="0.018">
  <properties/>
  <testcase name="getCheapestHotel_whenDatesProvidedWrong_shouldReturnWrongInput()" classname="com.bridgelab.testhotelreservationsystem.HotelReservationSystemTestCases" time="0.018"/>
  <system-out><![CDATA[]]></system-out>
  <system-err><![CDATA[]]></system-err>
</testsuite>
